# JRE version: OpenJDK Runtime Environment Temurin-21.0.9+10 (21.0.9+10) (build 21.0.9+10-LTS)
# Java VM: OpenJDK 64-Bit Server VM Temurin-21.0.9+10 (21.0.9+10-LTS, mixed mode, sharing, tiered, compressed oops, compressed class ptrs, parallel gc, windows-amd64)
GC Precious Log:
 CardTable entry size: 512
 CPUs: 12 total, 12 available
 Memory: 16124M
 Large Page Support: Disabled
 NUMA Support: Disabled
 Compressed Oops: Enabled (32-bit)
 Alignments: Space 512K, Generation 512K, Heap 2M
 Heap Min Capacity: 100M
 Heap Initial Capacity: 100M
 Heap Max Capacity: 2G
 Pre-touch: Disabled
 Parallel Workers: 10
Heap:
 PSYoungGen      total 19968K, used 11758K [0x00000000d5580000, 0x00000000d7500000, 0x0000000100000000)
  eden space 17920K, 54% used [0x00000000d5580000,0x00000000d5f05d88,0x00000000d6700000)
  from space 2048K, 98% used [0x00000000d7300000,0x00000000d74f5cb0,0x00000000d7500000)
  to   space 3072K, 0% used [0x00000000d6f00000,0x00000000d6f00000,0x00000000d7200000)
 ParOldGen       total 786432K, used 786090K [0x0000000080000000, 0x00000000b0000000, 0x00000000d5580000)
  object space 786432K, 99% used [0x0000000080000000,0x00000000affaa8b0,0x00000000b0000000)
 Metaspace       used 72395K, committed 74048K, reserved 1179648K
  class space    used 7839K, committed 8512K, reserved 1048576K
GC Heap History (20 events):
Event: 442.684 GC heap before
{Heap before GC invocations=696 (full 3):
 PSYoungGen      total 21504K, used 19775K [0x00000000d5580000, 0x00000000d7100000, 0x0000000100000000)
  eden space 14848K, 100% used [0x00000000d5580000,0x00000000d6400000,0x00000000d6400000)
  from space 6656K, 74% used [0x00000000d6980000,0x00000000d6e4fd80,0x00000000d7000000)
  to   space 5632K, 0% used [0x00000000d6400000,0x00000000d6400000,0x00000000d6980000)
 ParOldGen       total 710656K, used 710483K [0x0000000080000000, 0x00000000ab600000, 0x00000000d5580000)
  object space 710656K, 99% used [0x0000000080000000,0x00000000ab5d4f10,0x00000000ab600000)
 Metaspace       used 69613K, committed 71168K, reserved 1114112K
  class space    used 7585K, committed 8256K, reserved 1048576K
}
Event: 442.688 GC heap after
{Heap after GC invocations=696 (full 3):
 PSYoungGen      total 20480K, used 5605K [0x00000000d5580000, 0x00000000d7300000, 0x0000000100000000)
  eden space 14848K, 0% used [0x00000000d5580000,0x00000000d5580000,0x00000000d6400000)
  from space 5632K, 99% used [0x00000000d6400000,0x00000000d6979778,0x00000000d6980000)
  to   space 6144K, 0% used [0x00000000d6d00000,0x00000000d6d00000,0x00000000d7300000)
 ParOldGen       total 715776K, used 715305K [0x0000000080000000, 0x00000000abb00000, 0x00000000d5580000)
  object space 715776K, 99% used [0x0000000080000000,0x00000000aba8a508,0x00000000abb00000)
 Metaspace       used 69613K, committed 71168K, reserved 1114112K
  class space    used 7585K, committed 8256K, reserved 1048576K
}
Event: 442.699 GC heap before
{Heap before GC invocations=697 (full 3):
 PSYoungGen      total 20480K, used 20453K [0x00000000d5580000, 0x00000000d7300000, 0x0000000100000000)
  eden space 14848K, 100% used [0x00000000d5580000,0x00000000d6400000,0x00000000d6400000)
  from space 5632K, 99% used [0x00000000d6400000,0x00000000d6979778,0x00000000d6980000)
  to   space 6144K, 0% used [0x00000000d6d00000,0x00000000d6d00000,0x00000000d7300000)
 ParOldGen       total 715776K, used 715305K [0x0000000080000000, 0x00000000abb00000, 0x00000000d5580000)
  object space 715776K, 99% used [0x0000000080000000,0x00000000aba8a508,0x00000000abb00000)
 Metaspace       used 69613K, committed 71168K, reserved 1114112K
  class space    used 7585K, committed 8256K, reserved 1048576K
}
Event: 442.704 GC heap after
{Heap after GC invocations=697 (full 3):
 PSYoungGen      total 24064K, used 5940K [0x00000000d5580000, 0x00000000d7300000, 0x0000000100000000)
  eden space 17920K, 0% used [0x00000000d5580000,0x00000000d5580000,0x00000000d6700000)
  from space 6144K, 96% used [0x00000000d6d00000,0x00000000d72cd1e0,0x00000000d7300000)
  to   space 6144K, 0% used [0x00000000d6700000,0x00000000d6700000,0x00000000d6d00000)
 ParOldGen       total 720896K, used 720684K [0x0000000080000000, 0x00000000ac000000, 0x00000000d5580000)
  object space 720896K, 99% used [0x0000000080000000,0x00000000abfcb380,0x00000000ac000000)
 Metaspace       used 69613K, committed 71168K, reserved 1114112K
  class space    used 7585K, committed 8256K, reserved 1048576K
}
Event: 442.743 GC heap before
{Heap before GC invocations=698 (full 3):
 PSYoungGen      total 24064K, used 23860K [0x00000000d5580000, 0x00000000d7300000, 0x0000000100000000)
  eden space 17920K, 100% used [0x00000000d5580000,0x00000000d6700000,0x00000000d6700000)
  from space 6144K, 96% used [0x00000000d6d00000,0x00000000d72cd1e0,0x00000000d7300000)
  to   space 6144K, 0% used [0x00000000d6700000,0x00000000d6700000,0x00000000d6d00000)
 ParOldGen       total 720896K, used 720684K [0x0000000080000000, 0x00000000ac000000, 0x00000000d5580000)
  object space 720896K, 99% used [0x0000000080000000,0x00000000abfcb380,0x00000000ac000000)
 Metaspace       used 69613K, committed 71168K, reserved 1114112K
  class space    used 7585K, committed 8256K, reserved 1048576K
}
Event: 442.749 GC heap after
{Heap after GC invocations=698 (full 3):
 PSYoungGen      total 24064K, used 6138K [0x00000000d5580000, 0x00000000d8200000, 0x0000000100000000)
  eden space 17920K, 0% used [0x00000000d5580000,0x00000000d5580000,0x00000000d6700000)
  from space 6144K, 99% used [0x00000000d6700000,0x00000000d6cfea48,0x00000000d6d00000)
  to   space 13824K, 0% used [0x00000000d7480000,0x00000000d7480000,0x00000000d8200000)
 ParOldGen       total 727552K, used 727127K [0x0000000080000000, 0x00000000ac680000, 0x00000000d5580000)
  object space 727552K, 99% used [0x0000000080000000,0x00000000ac615d20,0x00000000ac680000)
 Metaspace       used 69613K, committed 71168K, reserved 1114112K
  class space    used 7585K, committed 8256K, reserved 1048576K
}
Event: 442.950 GC heap before
{Heap before GC invocations=699 (full 3):
 PSYoungGen      total 24064K, used 24058K [0x00000000d5580000, 0x00000000d8200000, 0x0000000100000000)
  eden space 17920K, 100% used [0x00000000d5580000,0x00000000d6700000,0x00000000d6700000)
  from space 6144K, 99% used [0x00000000d6700000,0x00000000d6cfea48,0x00000000d6d00000)
  to   space 13824K, 0% used [0x00000000d7480000,0x00000000d7480000,0x00000000d8200000)
 ParOldGen       total 727552K, used 727127K [0x0000000080000000, 0x00000000ac680000, 0x00000000d5580000)
  object space 727552K, 99% used [0x0000000080000000,0x00000000ac615d20,0x00000000ac680000)
 Metaspace       used 69613K, committed 71168K, reserved 1114112K
  class space    used 7585K, committed 8256K, reserved 1048576K
}
Event: 442.960 GC heap after
{Heap after GC invocations=699 (full 3):
 PSYoungGen      total 29696K, used 11283K [0x00000000d5580000, 0x00000000d8000000, 0x0000000100000000)
  eden space 17920K, 0% used [0x00000000d5580000,0x00000000d5580000,0x00000000d6700000)
  from space 11776K, 95% used [0x00000000d7480000,0x00000000d7f84d98,0x00000000d8000000)
  to   space 11776K, 0% used [0x00000000d6900000,0x00000000d6900000,0x00000000d7480000)
 ParOldGen       total 733184K, used 733105K [0x0000000080000000, 0x00000000acc00000, 0x00000000d5580000)
  object space 733184K, 99% used [0x0000000080000000,0x00000000acbec7e8,0x00000000acc00000)
 Metaspace       used 69613K, committed 71168K, reserved 1114112K
  class space    used 7585K, committed 8256K, reserved 1048576K
}
Event: 443.204 GC heap before
{Heap before GC invocations=700 (full 3):
 PSYoungGen      total 29696K, used 29203K [0x00000000d5580000, 0x00000000d8000000, 0x0000000100000000)
  eden space 17920K, 100% used [0x00000000d5580000,0x00000000d6700000,0x00000000d6700000)
  from space 11776K, 95% used [0x00000000d7480000,0x00000000d7f84d98,0x00000000d8000000)
  to   space 11776K, 0% used [0x00000000d6900000,0x00000000d6900000,0x00000000d7480000)
 ParOldGen       total 733184K, used 733105K [0x0000000080000000, 0x00000000acc00000, 0x00000000d5580000)
  object space 733184K, 99% used [0x0000000080000000,0x00000000acbec7e8,0x00000000acc00000)
 Metaspace       used 69613K, committed 71168K, reserved 1114112K
  class space    used 7585K, committed 8256K, reserved 1048576K
}
Event: 443.220 GC heap after
{Heap after GC invocations=700 (full 3):
 PSYoungGen      total 29696K, used 11758K [0x00000000d5580000, 0x00000000d9900000, 0x0000000100000000)
  eden space 17920K, 0% used [0x00000000d5580000,0x00000000d5580000,0x00000000d6700000)
  from space 11776K, 99% used [0x00000000d6900000,0x00000000d747ba08,0x00000000d7480000)
  to   space 25600K, 0% used [0x00000000d8000000,0x00000000d8000000,0x00000000d9900000)
 ParOldGen       total 744960K, used 744558K [0x0000000080000000, 0x00000000ad780000, 0x00000000d5580000)
  object space 744960K, 99% used [0x0000000080000000,0x00000000ad71ba98,0x00000000ad780000)
 Metaspace       used 69613K, committed 71168K, reserved 1114112K
  class space    used 7585K, committed 8256K, reserved 1048576K
}
Event: 443.421 GC heap before
{Heap before GC invocations=701 (full 3):
 PSYoungGen      total 29696K, used 29517K [0x00000000d5580000, 0x00000000d9900000, 0x0000000100000000)
  eden space 17920K, 99% used [0x00000000d5580000,0x00000000d66d7d58,0x00000000d6700000)
  from space 11776K, 99% used [0x00000000d6900000,0x00000000d747ba08,0x00000000d7480000)
  to   space 25600K, 0% used [0x00000000d8000000,0x00000000d8000000,0x00000000d9900000)
 ParOldGen       total 744960K, used 744558K [0x0000000080000000, 0x00000000ad780000, 0x00000000d5580000)
  object space 744960K, 99% used [0x0000000080000000,0x00000000ad71ba98,0x00000000ad780000)
 Metaspace       used 69613K, committed 71168K, reserved 1114112K
  class space    used 7585K, committed 8256K, reserved 1048576K
}
Event: 443.434 GC heap after
{Heap after GC invocations=701 (full 3):
 PSYoungGen      total 35840K, used 17653K [0x00000000d5580000, 0x00000000d9180000, 0x0000000100000000)
  eden space 17920K, 0% used [0x00000000d5580000,0x00000000d5580000,0x00000000d6700000)
  from space 17920K, 98% used [0x00000000d8000000,0x00000000d913d580,0x00000000d9180000)
  to   space 19968K, 0% used [0x00000000d6a80000,0x00000000d6a80000,0x00000000d7e00000)
 ParOldGen       total 752640K, used 752441K [0x0000000080000000, 0x00000000adf00000, 0x00000000d5580000)
  object space 752640K, 99% used [0x0000000080000000,0x00000000adece430,0x00000000adf00000)
 Metaspace       used 69613K, committed 71168K, reserved 1114112K
  class space    used 7585K, committed 8256K, reserved 1048576K
}
Event: 443.874 GC heap before
{Heap before GC invocations=702 (full 3):
 PSYoungGen      total 35840K, used 35573K [0x00000000d5580000, 0x00000000d9180000, 0x0000000100000000)
  eden space 17920K, 100% used [0x00000000d5580000,0x00000000d6700000,0x00000000d6700000)
  from space 17920K, 98% used [0x00000000d8000000,0x00000000d913d580,0x00000000d9180000)
  to   space 19968K, 0% used [0x00000000d6a80000,0x00000000d6a80000,0x00000000d7e00000)
 ParOldGen       total 752640K, used 752441K [0x0000000080000000, 0x00000000adf00000, 0x00000000d5580000)
  object space 752640K, 99% used [0x0000000080000000,0x00000000adece430,0x00000000adf00000)
 Metaspace       used 69613K, committed 71168K, reserved 1114112K
  class space    used 7585K, committed 8256K, reserved 1048576K
}
Event: 443.888 GC heap after
{Heap after GC invocations=702 (full 3):
 PSYoungGen      total 31744K, used 13517K [0x00000000d5580000, 0x00000000d8600000, 0x0000000100000000)
  eden space 17920K, 0% used [0x00000000d5580000,0x00000000d5580000,0x00000000d6700000)
  from space 13824K, 97% used [0x00000000d6a80000,0x00000000d77b36a0,0x00000000d7800000)
  to   space 14336K, 0% used [0x00000000d7800000,0x00000000d7800000,0x00000000d8600000)
 ParOldGen       total 767488K, used 767261K [0x0000000080000000, 0x00000000aed80000, 0x00000000d5580000)
  object space 767488K, 99% used [0x0000000080000000,0x00000000aed47668,0x00000000aed80000)
 Metaspace       used 69613K, committed 71168K, reserved 1114112K
  class space    used 7585K, committed 8256K, reserved 1048576K
}
Event: 443.935 GC heap before
{Heap before GC invocations=703 (full 3):
 PSYoungGen      total 31744K, used 31437K [0x00000000d5580000, 0x00000000d8600000, 0x0000000100000000)
  eden space 17920K, 100% used [0x00000000d5580000,0x00000000d6700000,0x00000000d6700000)
  from space 13824K, 97% used [0x00000000d6a80000,0x00000000d77b36a0,0x00000000d7800000)
  to   space 14336K, 0% used [0x00000000d7800000,0x00000000d7800000,0x00000000d8600000)
 ParOldGen       total 767488K, used 767261K [0x0000000080000000, 0x00000000aed80000, 0x00000000d5580000)
  object space 767488K, 99% used [0x0000000080000000,0x00000000aed47668,0x00000000aed80000)
 Metaspace       used 69617K, committed 71168K, reserved 1114112K
  class space    used 7585K, committed 8256K, reserved 1048576K
}
Event: 443.948 GC heap after
{Heap after GC invocations=703 (full 3):
 PSYoungGen      total 29696K, used 11695K [0x00000000d5580000, 0x00000000d8380000, 0x0000000100000000)
  eden space 17920K, 0% used [0x00000000d5580000,0x00000000d5580000,0x00000000d6700000)
  from space 11776K, 99% used [0x00000000d7800000,0x00000000d836be28,0x00000000d8380000)
  to   space 12800K, 0% used [0x00000000d6a80000,0x00000000d6a80000,0x00000000d7700000)
 ParOldGen       total 780800K, used 780675K [0x0000000080000000, 0x00000000afa80000, 0x00000000d5580000)
  object space 780800K, 99% used [0x0000000080000000,0x00000000afa60f70,0x00000000afa80000)
 Metaspace       used 69617K, committed 71168K, reserved 1114112K
  class space    used 7585K, committed 8256K, reserved 1048576K
}
Event: 444.069 GC heap before
{Heap before GC invocations=704 (full 3):
 PSYoungGen      total 29696K, used 28247K [0x00000000d5580000, 0x00000000d8380000, 0x0000000100000000)
  eden space 17920K, 92% used [0x00000000d5580000,0x00000000d65aa0b0,0x00000000d6700000)
  from space 11776K, 99% used [0x00000000d7800000,0x00000000d836be28,0x00000000d8380000)
  to   space 12800K, 0% used [0x00000000d6a80000,0x00000000d6a80000,0x00000000d7700000)
 ParOldGen       total 780800K, used 780675K [0x0000000080000000, 0x00000000afa80000, 0x00000000d5580000)
  object space 780800K, 99% used [0x0000000080000000,0x00000000afa60f70,0x00000000afa80000)
 Metaspace       used 70461K, committed 72064K, reserved 1114112K
  class space    used 7662K, committed 8320K, reserved 1048576K
}
Event: 444.088 GC heap after
{Heap after GC invocations=704 (full 3):
 PSYoungGen      total 19968K, used 1757K [0x00000000d5580000, 0x00000000d7880000, 0x0000000100000000)
  eden space 17920K, 0% used [0x00000000d5580000,0x00000000d5580000,0x00000000d6700000)
  from space 2048K, 85% used [0x00000000d6a80000,0x00000000d6c37648,0x00000000d6c80000)
  to   space 5632K, 0% used [0x00000000d7300000,0x00000000d7300000,0x00000000d7880000)
 ParOldGen       total 784896K, used 784579K [0x0000000080000000, 0x00000000afe80000, 0x00000000d5580000)
  object space 784896K, 99% used [0x0000000080000000,0x00000000afe30f70,0x00000000afe80000)
 Metaspace       used 70461K, committed 72064K, reserved 1114112K
  class space    used 7662K, committed 8320K, reserved 1048576K
}
Event: 444.466 GC heap before
{Heap before GC invocations=705 (full 3):
 PSYoungGen      total 19968K, used 19652K [0x00000000d5580000, 0x00000000d7880000, 0x0000000100000000)
  eden space 17920K, 99% used [0x00000000d5580000,0x00000000d66f9cc0,0x00000000d6700000)
  from space 2048K, 85% used [0x00000000d6a80000,0x00000000d6c37648,0x00000000d6c80000)
  to   space 5632K, 0% used [0x00000000d7300000,0x00000000d7300000,0x00000000d7880000)
 ParOldGen       total 784896K, used 784579K [0x0000000080000000, 0x00000000afe80000, 0x00000000d5580000)
  object space 784896K, 99% used [0x0000000080000000,0x00000000afe30f70,0x00000000afe80000)
 Metaspace       used 71900K, committed 73472K, reserved 1179648K
  class space    used 7781K, committed 8448K, reserved 1048576K
}
Event: 444.470 GC heap after
{Heap after GC invocations=705 (full 3):
 PSYoungGen      total 19968K, used 2007K [0x00000000d5580000, 0x00000000d7500000, 0x0000000100000000)
  eden space 17920K, 0% used [0x00000000d5580000,0x00000000d5580000,0x00000000d6700000)
  from space 2048K, 98% used [0x00000000d7300000,0x00000000d74f5cb0,0x00000000d7500000)
  to   space 3072K, 0% used [0x00000000d6f00000,0x00000000d6f00000,0x00000000d7200000)
 ParOldGen       total 786432K, used 786090K [0x0000000080000000, 0x00000000b0000000, 0x00000000d5580000)
  object space 786432K, 99% used [0x0000000080000000,0x00000000affaa8b0,0x00000000b0000000)
 Metaspace       used 71900K, committed 73472K, reserved 1179648K
  class space    used 7781K, committed 8448K, reserved 1048576K
}

